app/build/outputs/mapping/release/seeds.txt
com.zalexdev.ViP3Raddon.MainActivity
com.zalexdev.ViP3Raddon.BootReceiver
com.zalexdev.ViP3Raddon.BootReceiver: BootReceiver()
com.zalexdev.ViP3Raddon.MainActivity: MainActivity()
...
androidx.appcompat.widget.SearchView: int getPreferredHeight()
androidx.appcompat.widget.SearchView: SearchView(android.content.Context,android.util.AttributeSet)
androidx.core.app.RemoteActionCompat: RemoteActionCompat()
com.google.android.material.textfield.TextInputLayout: java.lang.CharSequence getPasswordVisibilityToggleContentDescription()
androidx.appcompat.widget.ActionBarOverlayLayout: void setActionBarVisibilityCallback(androidx.appcompat.widget.ActionBarOverlayLayout$ActionBarVisibilityCallback)
androidx.appcompat.widget.SwitchCompat: void setEmojiCompatEnabled(boolean)
androidx.appcompat.widget.ScrollingTabContainerView: void setContentHeight(int)
com.google.android.material.checkbox.MaterialCheckBox: void setButtonIconDrawableResource(int)
androidx.core.view.MarginLayoutParamsCompat$Api17Impl: int getMarginEnd(android.view.ViewGroup$MarginLayoutParams)
com.google.android.material.card.MaterialCardView: void setDragged(boolean)
androidx.appcompat.widget.AppCompatSpinner: java.lang.CharSequence getPrompt()
androidx.appcompat.widget.ListPopupWindow$Api29Impl: void setIsClippedToScreen(android.widget.PopupWindow,boolean)
androidx.core.view.WindowCompat$Api30Impl: void setDecorFitsSystemWindows(android.view.Window,boolean)
androidx.appcompat.widget.AbsActionBarView: void setContentHeight(int)
com.google.android.material.chip.Chip: void setBackgroundColor(int)
com.google.android.material.button.MaterialButton: void setRippleColorResource(int)
com.google.android.material.textfield.TextInputLayout: void setStartIconOnLongClickListener(android.view.View$OnLongClickListener)
com.google.android.material.bottomappbar.BottomAppBar: void setFabAlignmentModeEndMargin(int)
androidx.core.view.ViewParentCompat$Api21Impl: boolean onNestedPreFling(android.view.ViewParent,android.view.View,float,float)
androidx.appcompat.widget.AppCompatCheckedTextView: void setBackgroundDrawable(android.graphics.drawable.Drawable)
androidx.constraintlayout.motion.widget.MotionLayout: float getProgress()
com.google.android.material.textfield.TextInputLayout: void setEndIconDrawable(android.graphics.drawable.Drawable)
com.google.android.material.checkbox.MaterialCheckBox: android.content.res.ColorStateList getSuperButtonTintList()
com.google.android.material.textfield.TextInputLayout: void setStartIconTintList(android.content.res.ColorStateList)
androidx.core.view.WindowInsetsCompat$Impl: boolean isConsumed()
androidx.core.view.WindowInsetsCompat$Impl28: int hashCode()
androidx.appcompat.widget.ActionBarOverlayLayout: void setShowingForActionMode(boolean)
androidx.lifecycle.LifecycleDispatcher$DispatcherActivityCallback: void onActivityCreated(android.app.Activity,android.os.Bundle)
androidx.appcompat.widget.AppCompatButton: android.view.ActionMode$Callback getCustomSelectionActionModeCallback()
androidx.core.graphics.drawable.IconCompatParcelizer: androidx.core.graphics.drawable.IconCompat read(androidx.versionedparcelable.VersionedParcel)
androidx.appcompat.widget.Toolbar: int getCurrentContentInsetStart()
androidx.appcompat.widget.SwitchCompat: android.graphics.drawable.Drawable getThumbDrawable()
androidx.lifecycle.LifecycleDispatcher$DispatcherActivityCallback: void onActivitySaveInstanceState(android.app.Activity,android.os.Bundle)
androidx.core.view.WindowInsetsCompat$Impl20: void setRootViewData(androidx.core.graphics.Insets)
com.google.android.material.switchmaterial.SwitchMaterial: void setUseMaterialThemeColors(boolean)
androidx.core.view.WindowInsetsCompat$Impl20: void loadReflectionField()
androidx.appcompat.widget.AppCompatAutoCompleteTextView: android.graphics.PorterDuff$Mode getSupportBackgroundTintMode()
androidx.appcompat.widget.SwitchCompat: int getCompoundPaddingRight()
androidx.coordinatorlayout.widget.CoordinatorLayout: void setFitsSystemWindows(boolean)
androidx.core.os.LocaleListCompat$Api24Impl: android.os.LocaleList getDefault()
com.google.android.material.textfield.TextInputLayout: void setSuffixTextAppearance(int)