app/build/outputs/mapping/release/mapping.txt
# compiler: R8
# compiler_version: 3.2.74
# min_api: 22
# common_typos_disable
# {"id":"com.android.tools.r8.mapping","version":"2.0"}
# pg_map_id: 4f16b92
# pg_map_hash: SHA-256 4f16b926128ca225ecc4a9b8af22773439873728a5363da27119f5d419f90587
com.zalexdev.ViP3Raddon.BootReceiver -> com.zalexdev.ViP3Raddon.BootReceiver:
    1:1:void com.zalexdev.ViP3Raddon.Prefs.<init>(android.content.Context):0:0 -> onReceive
    1:1:void onReceive(android.content.Context,android.content.Intent):0 -> onReceive
    2:2:boolean com.zalexdev.ViP3Raddon.Prefs.getBoolean(java.lang.String):0:0 -> onReceive
    2:2:void onReceive(android.content.Context,android.content.Intent):0 -> onReceive
    3:3:java.util.ArrayList com.zalexdev.ViP3Raddon.Prefs.getListString(java.lang.String):0:0 -> onReceive
    3:3:java.util.ArrayList com.zalexdev.ViP3Raddon.Prefs.getModules():0 -> onReceive
    3:3:void onReceive(android.content.Context,android.content.Intent):0 -> onReceive
    4:4:void onReceive(android.content.Context,android.content.Intent):0:0 -> onReceive
    5:5:androidx.core.app.NotificationCompat$Builder androidx.core.app.NotificationCompat$Builder.setSmallIcon(int):0:0 -> onReceive
    5:5:void onReceive(android.content.Context,android.content.Intent):0 -> onReceive
    6:6:androidx.core.app.NotificationCompat$Builder androidx.core.app.NotificationCompat$Builder.setContentTitle(java.lang.CharSequence):0:0 -> onReceive
    6:6:void onReceive(android.content.Context,android.content.Intent):0 -> onReceive
    7:7:void onReceive(android.content.Context,android.content.Intent):0:0 -> onReceive
    8:8:java.util.ArrayList com.zalexdev.ViP3Raddon.Prefs.getListString(java.lang.String):0:0 -> onReceive
com.zalexdev.ViP3Raddon.MainActivity -> com.zalexdev.ViP3Raddon.MainActivity:
    int $r8$clinit -> w
    1:1:void onCreate(android.os.Bundle):0:0 -> onCreate
      # {"id":"com.android.tools.r8.outlineCallsite","positions":{"1":8,"2":9,"3":10}}
    8:8:void onCreate(android.os.Bundle):0:0 -> onCreate
    9:9:void onCreate(android.os.Bundle):0:0 -> onCreate
    10:10:void onCreate(android.os.Bundle):0:0 -> onCreate
    2:2:void onCreate(android.os.Bundle):0:0 -> onCreate
    3:3:void androidx.recyclerview.widget.LinearLayoutManager.<init>(android.content.Context):0:0 -> onCreate
    3:3:void onCreate(android.os.Bundle):0 -> onCreate
    4:4:void onCreate(android.os.Bundle):0:0 -> onCreate
    5:5:void com.zalexdev.ViP3Raddon.Prefs.<init>(android.content.Context):0:0 -> onCreate
    5:5:void onCreate(android.os.Bundle):0 -> onCreate
    6:6:boolean com.zalexdev.ViP3Raddon.Prefs.getBoolean(java.lang.String):0:0 -> onCreate
    6:6:void onCreate(android.os.Bundle):0 -> onCreate
    7:7:void onCreate(android.os.Bundle):0:0 -> onCreate
    boolean contains(java.util.ArrayList,java.lang.String) -> t
    1:1:java.lang.Process generateSuProcess():0:0 -> u
    1:1:java.util.ArrayList customCommand(java.lang.String):0 -> u
    2:2:java.util.ArrayList customCommand(java.lang.String):0:0 -> u
com.zalexdev.ViP3Raddon.ModulesAdapter -> k2.i:
    android.app.Activity activity -> f
    com.zalexdev.ViP3Raddon.Prefs prefs -> g
    java.util.ArrayList driverList -> d
    java.util.ArrayList pathList -> c
    android.content.Context context -> e
    int getItemCount() -> a
    long getItemId(int) -> b
    int getItemViewType(int) -> c
    0:65535:void com.zalexdev.ViP3Raddon.ModulesAdapter.onBindViewHolder(com.zalexdev.ViP3Raddon.ModulesAdapter$ViewHolder,int):0:0 -> d
    0:65535:void onBindViewHolder(androidx.recyclerview.widget.RecyclerView$ViewHolder,int):0 -> d
    0:65535:com.zalexdev.ViP3Raddon.ModulesAdapter$ViewHolder com.zalexdev.ViP3Raddon.ModulesAdapter.onCreateViewHolder(android.view.ViewGroup,int):0:0 -> e
    0:65535:androidx.recyclerview.widget.RecyclerView$ViewHolder onCreateViewHolder(android.view.ViewGroup,int):0 -> e
    void toaster(java.lang.String) -> f
com.zalexdev.ViP3Raddon.ModulesAdapter$ViewHolder -> k2.i$a:
    com.google.android.material.switchmaterial.SwitchMaterial switchMaterial -> u
    android.widget.TextView name -> t
...
androidx.constraintlayout.core.widgets.ConstraintAnchor$Type -> s.c$a:
    androidx.constraintlayout.core.widgets.ConstraintAnchor$Type BASELINE -> f
    androidx.constraintlayout.core.widgets.ConstraintAnchor$Type BOTTOM -> e
    androidx.constraintlayout.core.widgets.ConstraintAnchor$Type CENTER_X -> h
    androidx.constraintlayout.core.widgets.ConstraintAnchor$Type CENTER -> g
    androidx.constraintlayout.core.widgets.ConstraintAnchor$Type[] $VALUES -> j
    androidx.constraintlayout.core.widgets.ConstraintAnchor$Type LEFT -> b
    androidx.constraintlayout.core.widgets.ConstraintAnchor$Type RIGHT -> d
    androidx.constraintlayout.core.widgets.ConstraintAnchor$Type TOP -> c
    androidx.constraintlayout.core.widgets.ConstraintAnchor$Type CENTER_Y -> i
androidx.constraintlayout.core.widgets.ConstraintWidget -> s.d:
    boolean horizontalSolvingPass -> m
    androidx.constraintlayout.core.widgets.analyzer.ChainRun horizontalChainRun -> b
    float mVerticalBiasPercent -> g0
    java.lang.String stringId -> j
    int mWidthOverride -> h
    boolean[] mIsInBarrier -> T
    float mResolvedDimensionRatio -> B
    androidx.constraintlayout.core.widgets.ConstraintAnchor mBottom -> M
    androidx.constraintlayout.core.widgets.ConstraintWidget[] mListNextMatchConstraintsWidget -> n0
    float mMatchConstraintPercentWidth -> w
    int mHeight -> X
    int mMatchConstraintMaxHeight -> y
    androidx.constraintlayout.core.widgets.ConstraintAnchor mCenter -> Q
    boolean mInVirtualLayout -> G
    int mMatchConstraintMinWidth -> u
    int mWrapBehaviorInParent -> q
    int mMinWidth -> d0
    java.lang.Object mCompanionWidget -> h0
    java.lang.String mDebugName -> j0
    boolean verticalSolvingPass -> n
    androidx.constraintlayout.core.widgets.analyzer.VerticalWidgetRun verticalRun -> e
    int mY -> b0
    androidx.constraintlayout.core.widgets.ConstraintWidget$DimensionBehaviour[] mListDimensionBehaviors -> U
    androidx.constraintlayout.core.widgets.analyzer.ChainRun verticalChainRun -> c
    int mLastHorizontalMeasureSpec -> H
    int mHeightOverride -> i
    androidx.constraintlayout.core.widgets.ConstraintAnchor mRight -> L
    androidx.constraintlayout.core.widgets.ConstraintWidget mParent -> V
androidx.constraintlayout.core.widgets.ConstraintWidgetContainer -> s.e:
    androidx.constraintlayout.core.widgets.analyzer.DependencyGraph mDependencyGraph -> t0
    androidx.constraintlayout.core.LinearSystem mSystem -> x0
    int mHorizontalChainsSize -> A0
    boolean mWidthMeasuredTooSmall -> F0
    androidx.constraintlayout.core.widgets.analyzer.BasicMeasure$Measure mMeasure -> M0
    int mVerticalChainsSize -> B0
    boolean mHeightMeasuredTooSmall -> G0
    java.lang.ref.WeakReference horizontalWrapMin -> I0
    java.lang.ref.WeakReference verticalWrapMin -> H0
    androidx.constraintlayout.core.widgets.ChainHead[] mVerticalChainsArray -> C0
    int mOptimizationLevel -> E0
    java.lang.ref.WeakReference horizontalWrapMax -> K0
    androidx.constraintlayout.core.widgets.ChainHead[] mHorizontalChainsArray -> D0
    java.lang.ref.WeakReference verticalWrapMax -> J0
    androidx.constraintlayout.core.widgets.analyzer.BasicMeasure$Measurer mMeasurer -> v0
    boolean mIsRtl -> w0
    androidx.constraintlayout.core.widgets.analyzer.BasicMeasure mBasicMeasureSolver -> s0
    java.util.HashSet widgetsToAdd -> L0
    int pass -> u0
    int mPaddingTop -> z0
    int mPaddingLeft -> y0
    void reset() -> G
    void updateFromRuns(boolean,boolean) -> V
    1:1:androidx.constraintlayout.core.widgets.analyzer.BasicMeasure$Measurer androidx.constraintlayout.core.widgets.ConstraintWidgetContainer.getMeasurer():0:0 -> X
    1:1:void layout():0 -> X