app/build/outputs/mapping/release/usage.txt
com.zalexdev.ViP3Raddon.BuildConfig
com.zalexdev.ViP3Raddon.R$array
com.zalexdev.ViP3Raddon.R$color
com.zalexdev.ViP3Raddon.R$drawable
com.zalexdev.ViP3Raddon.R$font
com.zalexdev.ViP3Raddon.R$id
com.zalexdev.ViP3Raddon.R$layout
com.zalexdev.ViP3Raddon.R$mipmap
com.zalexdev.ViP3Raddon.R$string
com.zalexdev.ViP3Raddon.R$style
com.zalexdev.ViP3Raddon.R
com.zalexdev.ViP3Raddon.BootReceiver:
    public final void createNotificationChannel(android.content.Context)
com.zalexdev.ViP3Raddon.MainActivity$$InternalSyntheticLambda$0$089536edcfceda1efbfef0025a158779dd823c7a7b6d562efc573b6510cd28c0$0
com.zalexdev.ViP3Raddon.ModulesAdapter$$InternalSyntheticLambda$4$8adf1eb46dd216f9fc5d935a5a90b37660ccf39c4c4762a53dd0784af8b322f0$0
com.zalexdev.ViP3Raddon.ModulesAdapter$$InternalSyntheticLambda$4$8adf1eb46dd216f9fc5d935a5a90b37660ccf39c4c4762a53dd0784af8b322f0$1
com.zalexdev.ViP3Raddon.ModulesAdapter:
    public int id
    public final void onBindViewHolder(com.zalexdev.ViP3Raddon.ModulesAdapter$ViewHolder,int)
    public final com.zalexdev.ViP3Raddon.ModulesAdapter$ViewHolder onCreateViewHolder(android.view.ViewGroup,int)
com.zalexdev.ViP3Raddon.Prefs:
    public android.content.Context context
    public final void addModule(java.lang.String)
    public final boolean getBoolean(java.lang.String)
    public final java.util.ArrayList getModules()
    public final void isNull(java.lang.String)
    public final void putBoolean(java.lang.String,boolean)
    public final void removeModule(java.lang.String)
...
androidx.fragment.app.FragmentManagerViewModel:
    public boolean mHasSavedSnapshot
    public final void addRetainedFragment(androidx.fragment.app.Fragment)
    public final void clearNonConfigState(androidx.fragment.app.Fragment)
    public final androidx.fragment.app.Fragment findRetainedFragmentByWho(java.lang.String)
    public final androidx.fragment.app.FragmentManagerViewModel getChildNonConfig(androidx.fragment.app.Fragment)
    public final java.util.Collection getRetainedFragments()
    public final androidx.lifecycle.ViewModelStore getViewModelStore(androidx.fragment.app.Fragment)
    public final boolean isCleared()
    public final void setIsStateSaved(boolean)
    public final boolean shouldDestroy(androidx.fragment.app.Fragment)
androidx.fragment.app.FragmentResultListener
androidx.fragment.app.FragmentState$1:
    public final androidx.fragment.app.FragmentState createFromParcel(android.os.Parcel)
    public final androidx.fragment.app.FragmentState[] newArray(int)
androidx.fragment.app.FragmentStateManager$1:
    public final synthetic androidx.fragment.app.FragmentStateManager this$0
androidx.fragment.app.FragmentStateManager$2
androidx.fragment.app.FragmentStateManager:
    public final androidx.fragment.app.Fragment getFragment()
    public final boolean isFragmentViewChild(android.view.View)
    public final android.os.Bundle saveBasicState()
    public final androidx.fragment.app.FragmentState saveState()
    public final void setFragmentManagerState(int)
androidx.fragment.app.FragmentStore:
    public final void dispatchStateChange(int)
    public final void dump(java.lang.String,java.io.FileDescriptor,java.io.PrintWriter,java.lang.String[])
    public final androidx.fragment.app.Fragment findFragmentById(int)
    public final androidx.fragment.app.Fragment findFragmentByTag(java.lang.String)
    public final int findFragmentIndexInContainer(androidx.fragment.app.Fragment)
    public final androidx.fragment.app.FragmentManagerViewModel getNonConfig()
    public final void moveToExpectedState()
    public final void removeFragment(androidx.fragment.app.Fragment)
    public final void resetActiveFragments()
    public final void restoreAddedFragments(java.util.List)
    public final java.util.ArrayList saveActiveFragments()
    public final java.util.ArrayList saveAddedFragments()
    public final void setNonConfig(androidx.fragment.app.FragmentManagerViewModel)
androidx.fragment.app.FragmentTransaction:
    public boolean mAllowAddToBackStack
    public final java.lang.ClassLoader mClassLoader
    public java.util.ArrayList mCommitRunnables
    public final androidx.fragment.app.FragmentFactory mFragmentFactory
    public abstract androidx.fragment.app.FragmentTransaction add()
    public abstract androidx.fragment.app.FragmentTransaction add$1()
    public abstract int commit()
    public abstract int commitAllowingStateLoss()
    public abstract void commitNow()
    public abstract void commitNowAllowingStateLoss()
    public final androidx.fragment.app.FragmentTransaction disallowAddToBackStack()
    public abstract void doAddOp(int,androidx.fragment.app.Fragment,java.lang.String,int)
    public abstract androidx.fragment.app.FragmentTransaction remove(androidx.fragment.app.Fragment)
    public abstract androidx.fragment.app.FragmentTransaction replace()
    public abstract androidx.fragment.app.FragmentTransaction replace$1()
    public abstract androidx.fragment.app.FragmentTransaction setReorderingAllowed()
androidx.fragment.app.FragmentTransition$1
androidx.fragment.app.FragmentTransition$2
androidx.fragment.app.FragmentTransition$3
androidx.fragment.app.FragmentTransition$4
androidx.fragment.app.FragmentTransition$5
androidx.fragment.app.FragmentTransition$6
androidx.fragment.app.FragmentTransition$Callback
androidx.fragment.app.FragmentTransition$FragmentContainerTransition